Start testing: Feb 20 19:06 CET
----------------------------------------------------------
1/3 Testing: GeneratorModuleTest
1/3 Test: GeneratorModuleTest
Command: "/home/andre/Documents/DecSkill/build/tests/test_generator"
Directory: /home/andre/Documents/DecSkill/build/tests
"GeneratorModuleTest" start time: Feb 20 19:06 CET
Output:
----------------------------------------------------------
[==========] Running 2 tests from 1 test suite.
[----------] Global test environment set-up.
[----------] 2 tests from GeneratorModuleTest
[ RUN      ] GeneratorModuleTest.GeneratesValidByteArray
[GeneratorModule] Starting thread...
[GeneratorModule] Stopped.
[GeneratorModule] Stopped.
[       OK ] GeneratorModuleTest.GeneratesValidByteArray (500 ms)
[ RUN      ] GeneratorModuleTest.HandlesMultipleStartsAndStops
[GeneratorModule] Starting thread...
[GeneratorModule] Stopped.
[GeneratorModule] Starting thread...
[GeneratorModule] Stopped.
[GeneratorModule] Starting thread...
[GeneratorModule] Stopped.
[GeneratorModule] Stopped.
[       OK ] GeneratorModuleTest.HandlesMultipleStartsAndStops (300 ms)
[----------] 2 tests from GeneratorModuleTest (801 ms total)

[----------] Global test environment tear-down
[==========] 2 tests from 1 test suite ran. (801 ms total)
[  PASSED  ] 2 tests.
<end of output>
Test time =   0.80 sec
----------------------------------------------------------
Test Passed.
"GeneratorModuleTest" end time: Feb 20 19:06 CET
"GeneratorModuleTest" time elapsed: 00:00:00
----------------------------------------------------------

2/3 Testing: FilterModuleTest
2/3 Test: FilterModuleTest
Command: "/home/andre/Documents/DecSkill/build/tests/test_filter"
Directory: /home/andre/Documents/DecSkill/build/tests
"FilterModuleTest" start time: Feb 20 19:06 CET
Output:
----------------------------------------------------------
[==========] Running 6 tests from 1 test suite.
[----------] Global test environment set-up.
[----------] 6 tests from FilterModuleTest
[ RUN      ] FilterModuleTest.DetectsMatchingSequence
[TEST] Sending data: 11 22 0 1 2 33 44 
11 22 0 1 2 33 44 
[TEST] Sequence detected and forwarded!
[FilterModule] Stopped.
[       OK ] FilterModuleTest.DetectsMatchingSequence (300 ms)
[ RUN      ] FilterModuleTest.IgnoresNonMatchingSequence
11 22 33 44 
[FilterModule] Stopped.
[       OK ] FilterModuleTest.IgnoresNonMatchingSequence (500 ms)
[ RUN      ] FilterModuleTest.DetectsMultipleMatchingSequences
0 1 2 11 22 
33 44 0 1 2 
55 66 77 88 
99 0 1 2 aa 
bb cc dd ee 
[FilterModule] Stopped.
[       OK ] FilterModuleTest.DetectsMultipleMatchingSequences (100 ms)
[ RUN      ] FilterModuleTest.HandlesMultipleMatches
[TEST] Sending test data...
0 1 2 11 22 0 1 2 33 44 0 1 2 
[TEST] Match detected!
[TEST] Match detected!
[TEST] Match detected!
[TEST] Expected 3 matches, got: 3
[FilterModule] Stopped.
[       OK ] FilterModuleTest.HandlesMultipleMatches (200 ms)
[ RUN      ] FilterModuleTest.FiltersLargeData
ff ff ff ff ff ff ff ff ff ff ff ff ff ff ff ff ff ff ff ff ff ff ff ff ff ff ff ff ff ff ff ff ff ff ff ff ff ff ff ff ff ff ff ff ff ff ff ff ff ff 0 1 2 ff ff ff ff ff ff ff ff ff ff ff ff ff ff ff ff ff ff ff ff ff ff ff ff ff ff ff ff ff ff ff ff ff ff ff ff ff ff ff ff ff ff ff ff ff ff ff 
[FilterModule] Stopped.
[       OK ] FilterModuleTest.FiltersLargeData (200 ms)
[ RUN      ] FilterModuleTest.HandlesConcurrentData
0 1 2 0 
0 1 2 1 
0 1 2 2 
0 1 2 3 
0 1 2 4 
0 1 2 5 
0 1 2 6 
0 1 2 7 
0 1 2 8 
0 1 2 9 
0 1 2 a 
0 1 2 b 
0 1 2 c 
0 1 2 d 
0 1 2 e 
0 1 2 f 
0 1 2 10 
0 1 2 11 
0 1 2 12 
0 1 2 13 
[FilterModule] Stopped.
[       OK ] FilterModuleTest.HandlesConcurrentData (500 ms)
[----------] 6 tests from FilterModuleTest (1801 ms total)

[----------] Global test environment tear-down
[==========] 6 tests from 1 test suite ran. (1801 ms total)
[  PASSED  ] 6 tests.
<end of output>
Test time =   1.80 sec
----------------------------------------------------------
Test Passed.
"FilterModuleTest" end time: Feb 20 19:06 CET
"FilterModuleTest" time elapsed: 00:00:01
----------------------------------------------------------

3/3 Testing: RecorderModuleTest
3/3 Test: RecorderModuleTest
Command: "/home/andre/Documents/DecSkill/build/tests/test_recorder"
Directory: /home/andre/Documents/DecSkill/build/tests
"RecorderModuleTest" start time: Feb 20 19:06 CET
Output:
----------------------------------------------------------
[==========] Running 3 tests from 1 test suite.
[----------] Global test environment set-up.
[----------] 3 tests from RecorderModuleTest
[ RUN      ] RecorderModuleTest.StoresDataCorrectly
[TEST] Starting RecorderModule...
[TEST] Stopping RecorderModule...
[TEST] Checking if stop was successful...
[TEST] RecorderModule stopped, test complete.
[       OK ] RecorderModuleTest.StoresDataCorrectly (700 ms)
[ RUN      ] RecorderModuleTest.StoresUpToMaxLimit
[TEST] Starting RecorderModule...
[TEST] Stopping RecorderModule...
[TEST] Checking if stop was successful...
[TEST] RecorderModule stopped, test complete.
[       OK ] RecorderModuleTest.StoresUpToMaxLimit (700 ms)
[ RUN      ] RecorderModuleTest.StoresDataInUTCOrder
[TEST] Starting RecorderModule...
[TEST] Stopping RecorderModule...
[TEST] Checking if stop was successful...
[TEST] RecorderModule stopped, test complete.
[       OK ] RecorderModuleTest.StoresDataInUTCOrder (800 ms)
[----------] 3 tests from RecorderModuleTest (2201 ms total)

[----------] Global test environment tear-down
[==========] 3 tests from 1 test suite ran. (2202 ms total)
[  PASSED  ] 3 tests.
<end of output>
Test time =   2.20 sec
----------------------------------------------------------
Test Passed.
"RecorderModuleTest" end time: Feb 20 19:06 CET
"RecorderModuleTest" time elapsed: 00:00:02
----------------------------------------------------------

End testing: Feb 20 19:06 CET
